<?xml version="1.0" encoding="UTF-8"?>
<!-- Generated by org.testng.reporters.JUnitReportReporter -->
<testsuite hostname="SVT-LAP-24-006" failures="0" tests="1" name="tests.BaseTest" time="77.833" errors="0" timestamp="2025-07-25T10:05:41 IST" skipped="0">
  <testcase classname="tests.BaseTest" name="openCreateNewBotForm" time="77.833"/>
  <system-out/>
</testsuite> <!-- tests.BaseTest -->
