<?xml version="1.0" encoding="UTF-8"?>
<!-- Generated by org.testng.reporters.JUnitReportReporter -->
<testsuite hostname="SVT-LAP-24-006" failures="0" tests="1" name="tests.RCS_PlatformTest" time="68.613" errors="0" timestamp="2025-08-07T10:03:05 IST" skipped="0">
  <testcase classname="tests.RCS_PlatformTest" name="openRCSListPage" time="68.613"/>
  <system-out/>
</testsuite> <!-- tests.RCS_PlatformTest -->
