<?xml version="1.0" encoding="UTF-8"?>
<!-- Generated by org.testng.reporters.JUnitReportReporter -->
<testsuite hostname="SVT-LAP-24-006" failures="0" tests="1" name="tests.AdminPanelHomePage" time="59.597" errors="0" timestamp="2025-08-06T18:26:46 IST" skipped="0">
  <testcase classname="tests.AdminPanelHomePage" name="verifyAllTabName" time="59.597"/>
  <system-out/>
</testsuite> <!-- tests.AdminPanelHomePage -->
