<?xml version="1.0" encoding="UTF-8"?>
<!-- Generated by org.testng.reporters.JUnitReportReporter -->
<testsuite hostname="SVT-LAP-24-006" failures="0" tests="4" name="tests.SignUpTest" time="19.168" errors="0" timestamp="2025-07-25T16:52:46 IST" skipped="0">
  <testcase classname="tests.SignUpTest" name="verify_validation_if_user_dont_enter_any_username_password" time="4.385"/>
  <system-out/>
  <testcase classname="tests.SignUpTest" name="verify_validation_if_user_already_exists" time="5.139"/>
  <system-out/>
  <testcase classname="tests.SignUpTest" name="verify_warining_message_if_user_not_signUp_successfully" time="5.097"/>
  <system-out/>
  <testcase classname="tests.SignUpTest" name="verify_signUp_User_Functionality" time="4.547"/>
  <system-out/>
</testsuite> <!-- tests.SignUpTest -->
