<?xml version="1.0" encoding="UTF-8"?>
<!-- Generated by org.testng.reporters.JUnitReportReporter -->
<testsuite hostname="SVT-LAP-24-006" failures="0" tests="12" name="tests.SignUpTest" time="69.586" errors="0" timestamp="2025-07-28T13:27:31 IST" skipped="0">
  <testcase classname="tests.SignUpTest" name="verify_validation_if_user_dont_enter_any_username_password" time="8.493"/>
  <system-out/>
  <testcase classname="tests.SignUpTest" name="verify_validation_if_user_dont_enter_any_username_password" time="8.577"/>
  <system-out/>
  <testcase classname="tests.SignUpTest" name="verify_validation_if_user_dont_enter_any_username_password" time="8.477"/>
  <system-out/>
  <testcase classname="tests.SignUpTest" name="verify_validation_if_user_already_exists" time="5.116"/>
  <system-out/>
  <testcase classname="tests.SignUpTest" name="verify_validation_if_user_already_exists" time="5.049"/>
  <system-out/>
  <testcase classname="tests.SignUpTest" name="verify_validation_if_user_already_exists" time="5.084"/>
  <system-out/>
  <testcase classname="tests.SignUpTest" name="verify_warining_message_if_user_not_signUp_successfully" time="5.057"/>
  <system-out/>
  <testcase classname="tests.SignUpTest" name="verify_warining_message_if_user_not_signUp_successfully" time="5.072"/>
  <system-out/>
  <testcase classname="tests.SignUpTest" name="verify_warining_message_if_user_not_signUp_successfully" time="5.054"/>
  <system-out/>
  <testcase classname="tests.SignUpTest" name="verify_signUp_User_Functionality" time="4.531"/>
  <system-out/>
  <testcase classname="tests.SignUpTest" name="verify_signUp_User_Functionality" time="4.560"/>
  <system-out/>
  <testcase classname="tests.SignUpTest" name="verify_signUp_User_Functionality" time="4.516"/>
  <system-out/>
</testsuite> <!-- tests.SignUpTest -->
