<?xml version="1.0" encoding="UTF-8"?>
<!-- Generated by org.testng.reporters.JUnitReportReporter -->
<testsuite hostname="SVT-LAP-24-006" failures="0" tests="1" name="tests.VerticalMenus" time="8.567" errors="0" timestamp="2025-07-28T15:16:03 IST" skipped="0">
  <testcase classname="tests.VerticalMenus" name="verifyVerticalMenusList" time="8.567"/>
  <system-out/>
</testsuite> <!-- tests.VerticalMenus -->
